<?xml version="1.0" encoding="utf-8"?><testsuites name="pytest tests"><testsuite name="pytest" errors="0" failures="0" skipped="0" tests="168" time="4.310" timestamp="2026-09-08T11:36:52.675697-02:30" hostname="tushars-MacBook-Pro.local"><testcase classname="tests.test_discovery" name="test_every_source_is_classified_without_provider_io" time="0.014" /><testcase classname="tests.test_discovery" name="test_goes_and_solar_imagery_keep_distinct_subjects" time="0.004" /><testcase classname="tests.test_discovery" name="test_map_declarations_include_empty_cache_paths" time="0.005" /><testcase classname="tests.test_discovery" name="test_unclassified_source_stays_unknown" time="0.000" /><testcase classname="tests.test_discovery" name="test_empty_gfs_cache_still_offers_implemented_raster_paths" time="0.018" /><testcase classname="tests.test_discovery" name="test_synthetic_fixture_values_are_independent_of_wall_clock" time="0.248" /><testcase classname="tests.test_discovery" name="test_declared_unimplemented_variables_are_searchable_without_new_capabilities" time="0.005" /><testcase classname="tests.test_layer_serving_inventory" name="test_stale_samples_do_not_advertise_unservable_times_but_current_wms_images_remain" time="0.002" /><testcase classname="tests.test_layer_serving_inventory" name="test_unreadable_provider_inventory_never_borrows_sample_times" time="0.001" /><testcase classname="tests.test_layer_serving_inventory" name="test_every_catalogue_branch_filters_all_axes_at_inclusive_window_boundaries[None]" time="0.002" /><testcase classname="tests.test_layer_serving_inventory" name="test_every_catalogue_branch_filters_all_axes_at_inclusive_window_boundaries[HRDPS]" time="0.002" /><testcase classname="tests.test_layer_serving_inventory" name="test_every_catalogue_branch_filters_all_axes_at_inclusive_window_boundaries[GFS]" time="0.002" /><testcase classname="tests.test_layer_serving_inventory" name="test_every_catalogue_branch_filters_all_axes_at_inclusive_window_boundaries[CAP]" time="0.002" /><testcase classname="tests.test_layer_serving_inventory" name="test_every_catalogue_branch_filters_all_axes_at_inclusive_window_boundaries[OVATION]" time="0.002" /><testcase classname="tests.test_layer_serving_inventory" name="test_nested_catalogue_producers_cannot_reset_the_request_budget" time="0.000" /><testcase classname="tests.test_layer_serving_inventory" name="test_one_malformed_image_inventory_does_not_hide_other_layers" time="0.001" /><testcase classname="tests.test_layers" name="test_legacy_published_gfs_artifact_is_audit_only_not_a_demand_layer" time="0.001" /><testcase classname="tests.test_layers" name="test_rendered_legacy_gfs_grid_is_not_reintroduced_after_artifact_filter" time="0.001" /><testcase classname="tests.test_layers" name="test_run_stale_is_more_than_twice_the_declared_cadence" time="0.000" /><testcase classname="tests.test_layers" name="test_run_stale_is_null_and_never_false_where_a_half_is_unknown" time="0.000" /><testcase classname="tests.test_layers" name="test_a_far_frame_from_a_thirty_hour_old_six_hourly_run_is_run_stale" time="0.001" /><testcase classname="tests.test_layers" name="test_a_run_inside_twice_its_cadence_is_not_run_stale" time="0.001" /><testcase classname="tests.test_layers" name="test_a_run_stale_frame_is_still_served_and_still_renderable" time="0.001" /><testcase classname="tests.test_layers" name="test_two_runs_in_one_index_each_carry_their_own_run_time_and_run_stale" time="0.001" /><testcase classname="tests.test_layers" name="test_legacy_hrdps_run_recovers_exact_frames_from_immutable_artifact" time="0.001" /><testcase classname="tests.test_layers" name="test_the_layer_run_stale_verdict_is_the_newest_runs_when_two_stand_behind_it" time="0.001" /><testcase classname="tests.test_layers" name="test_a_run_that_declares_no_run_time_is_run_stale_null_with_the_reason" time="0.001" /><testcase classname="tests.test_layers" name="test_an_observation_layer_carries_run_stale_null_with_no_run_concept" time="0.001" /><testcase classname="tests.test_layers" name="test_a_live_proxied_layer_is_run_stale_null_with_its_own_reason" time="0.001" /><testcase classname="tests.test_layers" name="test_an_unreadable_retention_record_costs_run_stale_and_not_the_frames" time="0.001" /><testcase classname="tests.test_layers" name="test_a_fixture_layer_claims_no_run_stale_verdict" time="0.001" /><testcase classname="tests.test_layers" name="test_run_stale_frames_are_one_per_published_time_in_the_same_order" time="0.001" /><testcase classname="tests.test_layers" name="test_tolerance_is_one_native_interval_for_a_six_minute_radar_layer" time="0.001" /><testcase classname="tests.test_layers" name="test_tolerance_is_one_native_interval_for_an_hourly_model_layer" time="0.001" /><testcase classname="tests.test_layers" name="test_tolerance_of_a_three_hourly_planning_layer_resolves_a_hundred_minute_frame_quietly" time="0.001" /><testcase classname="tests.test_layers" name="test_tolerance_falls_back_to_the_bounded_unknown_cadence_value" time="0.001" /><testcase classname="tests.test_layers" name="test_tolerance_of_a_live_proxied_layer_follows_the_same_one_interval_rule" time="0.001" /><testcase classname="tests.test_layers" name="test_tolerance_floor_keeps_a_very_fast_layer_resolvable" time="0.000" /><testcase classname="tests.test_layer_coverage" name="test_each_layer_keeps_its_own_time_axis_and_cadence" time="0.001" /><testcase classname="tests.test_layer_coverage" name="test_cadence_is_modal_so_one_missing_frame_does_not_redefine_it" time="0.000" /><testcase classname="tests.test_layer_coverage" name="test_a_small_station_outer_product_is_points_and_never_a_field" time="0.000" /><testcase classname="tests.test_layer_coverage" name="test_a_real_field_is_a_raster" time="0.000" /><testcase classname="tests.test_layer_coverage" name="test_an_artifact_whose_geometry_is_unknown_is_not_offered_as_a_layer" time="0.000" /><testcase classname="tests.test_layer_coverage" name="test_tolerance_is_one_native_interval_so_a_layer_answers_at_its_own_resolution" time="0.000" /><testcase classname="tests.test_layer_coverage" name="test_features_are_returned_only_for_a_frame_the_layer_published" time="0.001" /><testcase classname="tests.test_layer_coverage" name="test_a_cell_with_no_value_produces_no_feature" time="0.001" /><testcase classname="tests.test_layer_coverage" name="test_layer_ids_are_formed_in_one_place" time="0.000" /><testcase classname="tests.test_layer_coverage" name="test_empty_vector_http_readback_distinguishes_observation_missing_and_failed" time="0.005" /><testcase classname="tests.test_wms_proxy" name="test_published_layer_titles_and_groups_come_from_recorded_provenance_and_geometry" time="0.572" /><testcase classname="tests.test_wms_proxy" name="test_the_wms_layer_comes_from_recorded_provenance" time="0.000" /><testcase classname="tests.test_wms_proxy" name="test_an_artifact_that_recorded_no_layer_gets_no_guess" time="0.000" /><testcase classname="tests.test_wms_proxy" name="test_every_key_an_adapter_actually_records_is_read" time="0.000" /><testcase classname="tests.test_wms_proxy" name="test_the_combined_radar_string_is_split_rather_than_sent_as_a_layers_value" time="0.000" /><testcase classname="tests.test_wms_proxy" name="test_a_layer_with_no_recorded_wms_backing_keeps_its_501" time="0.001" /><testcase classname="tests.test_wms_proxy" name="test_an_unknown_layer_is_a_404_not_an_invented_render" time="0.001" /><testcase classname="tests.test_wms_proxy" name="test_a_published_layer_serves_a_png_with_its_provenance_on_the_response" time="0.001" /><testcase classname="tests.test_wms_proxy" name="test_a_transparent_tile_is_reported_as_retrieved_and_not_as_unavailable" time="0.001" /><testcase classname="tests.test_wms_proxy" name="test_an_untimed_image_says_it_is_current_rather_than_borrowing_a_time" time="0.001" /><testcase classname="tests.test_wms_proxy" name="test_a_timed_image_says_its_time_is_the_valid_time_header" time="0.001" /><testcase classname="tests.test_wms_proxy" name="test_a_failure_to_retrieve_is_an_error_and_substitutes_nothing" time="0.001" /><testcase classname="tests.test_wms_proxy" name="test_a_frame_the_layer_does_not_advertise_is_refused_before_the_request" time="0.001" /><testcase classname="tests.test_wms_proxy" name="test_the_combined_radar_layer_is_drawn_from_one_member_and_says_which" time="0.001" /><testcase classname="tests.test_wms_proxy" name="test_the_legend_is_the_upstream_ramp" time="0.001" /><testcase classname="tests.test_wms_proxy" name="test_proxied_forecast_layers_carry_future_frames_and_are_marked_live_proxy" time="0.005" /><testcase classname="tests.test_wms_proxy" name="test_a_proxied_layer_never_appears_as_a_stored_artifact" time="1.552" /><testcase classname="tests.test_wms_proxy" name="test_unreadable_capabilities_produce_no_frames_rather_than_an_invented_range" time="0.003" /><testcase classname="tests.test_wms_proxy" name="test_frames_outside_the_experiment_window_are_dropped_and_the_full_extent_stated" time="0.023" /><testcase classname="tests.test_wms_proxy" name="test_the_original_hrdps_specs_are_unchanged_by_the_new_fields" time="0.000" /><testcase classname="tests.test_wms_proxy" name="test_satellite_specs_are_declared_observed_past_only_and_never_forecast" time="0.000" /><testcase classname="tests.test_wms_proxy" name="test_satellite_layers_offer_only_past_frames_inside_the_window" time="0.005" /><testcase classname="tests.test_wms_proxy" name="test_a_resolution_bracket_is_never_published_as_a_unit" time="0.000" /><testcase classname="tests.test_wms_proxy" name="test_legend_available_reports_the_probed_fact_on_the_spec" time="0.042" /><testcase classname="tests.test_wms_proxy" name="test_a_satellite_frame_says_it_was_observed_not_valid" time="0.002" /><testcase classname="tests.test_wms_proxy" name="test_satellite_layers_never_reach_point_or_timeline" time="0.016" /><testcase classname="tests.test_wms_proxy" name="test_weong_fog_proxies_are_declared_as_diagnostics_not_sampled_by_point" time="0.015" /><testcase classname="tests.test_wms_proxy" name="test_an_experimental_title_yields_metres_and_a_notice" time="0.003" /><testcase classname="tests.test_wms_proxy" name="test_a_request_cannot_fan_out_into_unbounded_upstream_calls" time="0.003" /><testcase classname="tests.test_wms_proxy" name="test_concurrent_requests_charge_their_own_budgets_not_each_other" time="0.003" /><testcase classname="tests.test_wms_proxy" name="test_a_charge_outside_any_request_budget_only_pays_the_process_budget" time="0.000" /><testcase classname="tests.test_wms_proxy" name="test_the_process_budget_bounds_a_scrub_across_many_frames" time="0.000" /><testcase classname="tests.test_wms_proxy" name="test_epsg_4326_getmap_sends_the_bbox_latitude_first" time="0.000" /><testcase classname="tests.test_wms_proxy" name="test_epsg_3857_getmap_sends_mercator_metres_in_x_y_order" time="0.000" /><testcase classname="tests.test_wms_proxy" name="test_an_unsupported_getmap_crs_is_refused_client_side" time="0.000" /><testcase classname="tests.test_wms_proxy" name="test_a_satellite_raster_is_requested_and_served_as_jpeg" time="0.001" /><testcase classname="tests.test_wms_proxy" name="test_every_non_satellite_raster_stays_transparent_png" time="0.002" /><testcase classname="tests.test_wms_proxy" name="test_the_crs_query_parameter_reaches_the_upstream_request_and_the_headers" time="0.002" /><testcase classname="tests.test_wms_proxy" name="test_an_unsupported_crs_query_parameter_is_a_422" time="0.001" /><testcase classname="tests.test_desktop_layer_identity" name="test_unknown_source_and_imagery_are_explicit_without_using_title_or_sample_times" time="0.000" /><testcase classname="tests.test_desktop_layer_identity" name="test_multi_source_bundle_preserves_every_explicit_association_and_unknown_declared_field" time="0.000" /><testcase classname="tests.test_desktop_layer_identity" name="test_imagery_inventory_can_differ_from_samples_and_never_promises_render_success" time="0.000" /><testcase classname="tests.test_desktop_layer_identity" name="test_proxy_mapping_comes_from_explicit_spec_and_preserves_native_times" time="0.000" /><testcase classname="tests.test_desktop_layer_identity" name="test_gfs_index_uses_existing_cached_inventory_without_new_point_reads" time="0.004" /><testcase classname="tests.test_gfs_query" name="test_fresh_hit_issues_zero_additional_provider_loads" time="0.000" /><testcase classname="tests.test_gfs_query" name="test_expired_entry_is_not_used_when_replacement_fails" time="0.000" /><testcase classname="tests.test_gfs_query" name="test_concurrent_identical_misses_coalesce_to_one_provider_load" time="0.000" /><testcase classname="tests.test_gfs_query" name="test_concurrent_failure_is_one_generation_and_one_provider_load" time="0.056" /><testcase classname="tests.test_gfs_query" name="test_loader_cannot_replace_canonical_request_identity" time="0.000" /><testcase classname="tests.test_gfs_query" name="test_cache_evicts_lru_entries_under_count_bound" time="0.000" /><testcase classname="tests.test_gfs_query" name="test_cache_refuses_oversize_normalized_entry" time="0.000" /><testcase classname="tests.test_gfs_query" name="test_cache_configuration_cannot_exceed_source_ceiling" time="0.000" /><testcase classname="tests.test_gfs_query" name="test_coordinator_fetches_one_native_lead_then_serves_exact_cache_hit" time="0.006" /><testcase classname="tests.test_gfs_query" name="test_cached_native_payload_uses_existing_point_evidence_builder" time="0.022" /><testcase classname="tests.test_gfs_query" name="test_cached_native_payload_uses_existing_profile_evidence_builder" time="0.079" /><testcase classname="tests.test_gfs_query" name="test_live_point_selected_gfs_uses_demand_payload_without_artifact_store" time="0.019" /><testcase classname="tests.test_gfs_query" name="test_timeline_lists_actual_native_keys_once_without_fetching_grib_payloads" time="0.000" /><testcase classname="tests.test_gfs_query" name="test_timeline_metadata_does_not_wait_for_a_selected_payload_query" time="0.000" /><testcase classname="tests.test_gfs_query" name="test_timeline_refuses_incomplete_or_declared_xml[&lt;ListBucketResult&gt;&lt;IsTruncated&gt;true&lt;/IsTruncated&gt;&lt;/ListBucketResult&gt;]" time="0.000" /><testcase classname="tests.test_gfs_query" name="test_timeline_refuses_incomplete_or_declared_xml[&lt;!DOCTYPE x [&lt;!ENTITY y 'z'&gt;]&gt;&lt;ListBucketResult&gt;&lt;IsTruncated&gt;false&lt;/IsTruncated&gt;&lt;/ListBucketResult&gt;]" time="0.000" /><testcase classname="tests.test_gfs_query" name="test_timeline_refuses_incomplete_or_declared_xml[&lt;unexpected&gt;&lt;IsTruncated&gt;false&lt;/IsTruncated&gt;&lt;/unexpected&gt;]" time="0.000" /><testcase classname="tests.test_gfs_query" name="test_production_loader_invokes_locked_child_and_refuses_failed_validation" time="0.008" /><testcase classname="tests.test_gfs_query" name="test_timeline_coalesces_eight_concurrent_listing_outcomes[False]" time="0.056" /><testcase classname="tests.test_gfs_query" name="test_timeline_coalesces_eight_concurrent_listing_outcomes[True]" time="0.054" /><testcase classname="tests.test_gfs_query" name="test_only_legacy_published_gfs_layers_are_hidden_from_demand_catalogue" time="0.000" /><testcase classname="tests.test_gfs_query" name="test_shared_timeline_includes_only_provider_listed_gfs_hours" time="0.002" /><testcase classname="tests.test_gfs_query" name="test_shared_timeline_refuses_an_unknown_selected_product" time="0.003" /><testcase classname="tests.test_gfs_query" name="test_gfs_scoped_layers_advertise_native_geometric_cloud_strata" time="0.002" /><testcase classname="tests.test_gfs_query" name="test_gfs_scoped_layers_keep_uncached_strata_discoverable_without_frames" time="0.002" /><testcase classname="tests.test_gfs_query" name="test_native_geometric_cloud_raster_preserves_percent_and_missing_alpha" time="0.028" /><testcase classname="tests.test_gfs_query" name="test_native_cloud_strata_rasters_select_exact_fields_without_substitution" time="0.056" /><testcase classname="tests.test_gfs_query" name="test_gfs_raster_route_reports_demand_native_provenance" time="0.001" /><testcase classname="tests.test_gfs_query" name="test_each_gfs_cloud_stratum_routes_to_its_exact_layer_identity" time="0.003" /><testcase classname="tests.test_gfs_query" name="test_named_previous_run_preserves_exact_identity_and_zero_payload_hit" time="0.001" /><testcase classname="tests.test_gfs_query" name="test_named_run_rejects_unlisted_native_time_and_removed_run_without_substitution" time="0.000" /><testcase classname="tests.test_gfs_query" name="test_run_listing_is_two_run_bounded_exact_and_nonrenewing" time="0.000" /><testcase classname="tests.test_gfs_query" name="test_explicit_payload_refresh_preserves_fresh_entry_when_revalidation_fails" time="0.000" /><testcase classname="tests.test_gfs_query" name="test_explicit_selected_refresh_reloads_exact_payload_and_keeps_fixed_expiry" time="0.000" /><testcase classname="tests.test_gfs_query" name="test_selected_query_coalesces_concurrent_native_frame_refresh_outcomes[False]" time="0.056" /><testcase classname="tests.test_gfs_query" name="test_selected_query_coalesces_concurrent_native_frame_refresh_outcomes[True]" time="0.056" /><testcase classname="tests.test_gfs_query" name="test_explicit_inventory_refresh_updates_default_latest_without_a_second_cache" time="0.001" /><testcase classname="tests.test_gfs_query" name="test_run_inventory_coalesces_refresh_and_preserves_unexpired_generation[False]" time="0.057" /><testcase classname="tests.test_gfs_query" name="test_run_inventory_coalesces_refresh_and_preserves_unexpired_generation[True]" time="0.057" /><testcase classname="tests.test_gfs_query" name="test_selected_query_rejects_work_beyond_its_finite_inflight_bound" time="0.001" /><testcase classname="tests.test_gfs_query" name="test_explicit_refresh_does_not_join_an_ordinary_inflight_read" time="0.001" /><testcase classname="tests.test_weathernext_shared_delivery" name="test_safe_missing_and_invalid_configuration" time="0.002" /><testcase classname="tests.test_weathernext_shared_delivery" name="test_runtime_prerequisites_do_not_authenticate" time="0.001" /><testcase classname="tests.test_weathernext_shared_delivery" name="test_catalogue_declares_point_without_config_or_acquisition" time="0.026" /><testcase classname="tests.test_weathernext_shared_delivery" name="test_shared_api_replays_exact_point_and_cache" time="0.004" /><testcase classname="tests.test_weathernext_shared_delivery" name="test_unsupported_identity_refused_before_acquisition[changes0]" time="0.002" /><testcase classname="tests.test_weathernext_shared_delivery" name="test_unsupported_identity_refused_before_acquisition[changes1]" time="0.002" /><testcase classname="tests.test_weathernext_shared_delivery" name="test_unsupported_identity_refused_before_acquisition[changes2]" time="0.002" /><testcase classname="tests.test_weathernext_shared_delivery" name="test_unsupported_identity_refused_before_acquisition[changes3]" time="0.002" /><testcase classname="tests.test_weathernext_shared_delivery" name="test_unsupported_identity_refused_before_acquisition[changes4]" time="0.002" /><testcase classname="tests.test_weathernext_shared_delivery" name="test_unsupported_identity_refused_before_acquisition[changes5]" time="0.002" /><testcase classname="tests.test_weathernext_shared_delivery" name="test_unsupported_identity_refused_before_acquisition[changes6]" time="0.002" /><testcase classname="tests.test_weathernext_shared_delivery" name="test_unconfigured_history_is_unavailable_not_substituted" time="0.001" /><testcase classname="tests.test_weathernext_shared_delivery" name="test_access_denial_survives_delivery_and_cooldown" time="0.001" /><testcase classname="tests.test_weathernext_shared_delivery" name="test_http_worker_denial_code_is_redacted" time="0.004" /><testcase classname="tests.test_weathernext_shared_delivery" name="test_http_denial_code_survives_child_protocol" time="0.021" /><testcase classname="tests.test_weathernext_local_shared" name="test_future_read_and_cache_preserve_native_identity" time="0.014" /><testcase classname="tests.test_weathernext_local_shared" name="test_invalid_forecast_identity_refuses_before_io[changes0]" time="0.002" /><testcase classname="tests.test_weathernext_local_shared" name="test_invalid_forecast_identity_refuses_before_io[changes1]" time="0.002" /><testcase classname="tests.test_weathernext_local_shared" name="test_invalid_forecast_identity_refuses_before_io[changes2]" time="0.002" /><testcase classname="tests.test_weathernext_local_shared" name="test_invalid_forecast_identity_refuses_before_io[changes3]" time="0.001" /><testcase classname="tests.test_weathernext_local_shared" name="test_invalid_forecast_identity_refuses_before_io[changes4]" time="0.001" /><testcase classname="tests.test_weathernext_local_shared" name="test_invalid_forecast_identity_refuses_before_io[changes5]" time="0.001" /><testcase classname="tests.test_weathernext_local_shared" name="test_invalid_forecast_identity_refuses_before_io[changes6]" time="0.001" /><testcase classname="tests.test_weathernext_local_shared" name="test_private_token_file_can_configure_linux_without_gcloud" time="0.001" /><testcase classname="tests.test_satellite_layer" name="test_five_states_render_with_declared_alphas" time="0.003" /><testcase classname="tests.test_satellite_layer" name="test_invalid_is_distinct_never_clear_never_white" time="0.002" /><testcase classname="tests.test_satellite_layer" name="test_block_uniform_nearest_neighbour" time="0.002" /><testcase classname="tests.test_satellite_layer" name="test_headers_declare_rendered_grid_provenance" time="0.001" /><testcase classname="tests.test_satellite_layer" name="test_frame_beyond_tolerance_is_422" time="0.001" /><testcase classname="tests.test_satellite_layer" name="test_missing_artifact_is_404" time="0.001" /><testcase classname="tests.test_satellite_layer" name="test_unreadable_artifact_is_502_nothing_substituted" time="0.001" /><testcase classname="tests.test_satellite_layer" name="test_layer_listed_beside_untouched_proxies" time="0.002" /><testcase classname="tests.test_satellite_layer" name="test_stale_scan_makes_layer_unavailable_not_clear" time="0.002" /><testcase classname="tests.test_satellite_layer" name="test_missing_variable_is_a_notice_not_a_guess" time="0.001" /><testcase classname="tests.test_satellite_layer" name="test_legend_is_renderers_own_with_caption" time="0.001" /></testsuite></testsuites>